<?xml version="1.0" encoding="UTF-8"?>
<!-- Generated by org.testng.reporters.JUnitXMLReporter -->
<testsuite ignored="6" hostname="DESKTOP-0CCPETD" failures="0" tests="8" name="Test" time="274.386" errors="0" timestamp="2022-07-08T14:15:01 IST">
  <testcase classname="com.crm.reqing.OrganizationsTest.CreateOrganizationTest1" name="CreateOrganizationWithMandatory" time="35.661"/>
  <testcase classname="com.crm.reqing.OrganizationsTest.CreateOrganizationTest1" name="CreateOrganizationWithMemberOfTest" time="29.146"/>
  <testcase classname="com.crm.reqing.contactTest.CreateContactTest1" name="CreateContactWithMandatory" time="18.477"/>
  <testcase classname="com.crm.reqing.contactTest.CreateContactTest1" name="CreateContactWithOrganizationTest" time="28.004"/>
  <testcase classname="com.crm.reqing.ProductTest.CreateProductTest1" name="CreateProductWithMandatoryTest" time="18.365"/>
  <testcase classname="com.crm.reqing.ProductTest.CreateProductTest1" name="CreateProductWithVendorsLookupTest" time="22.305"/>
  <testcase classname="com.crm.reqing.CamapinsTest.CreateCampaignTest1" name="CreateCampaignWithProductTest" time="18.81"/>
  <testcase classname="com.crm.reqing.CamapinsTest.CreateCampaignTest1" name="createCampaignWithMandatoryFieldTest" time="19.289"/>
  <testcase classname="com.crm.reqing.GenericUtility.BaseClass" name="@BeforeSuite configBS" time="0.0">
    <ignored/>
  </testcase> <!-- @BeforeSuite configBS -->
  <testcase classname="com.crm.reqing.GenericUtility.BaseClass" name="@BeforeSuite configBS" time="0.0">
    <ignored/>
  </testcase> <!-- @BeforeSuite configBS -->
  <testcase classname="com.crm.reqing.GenericUtility.BaseClass" name="@BeforeSuite configBS" time="0.0">
    <ignored/>
  </testcase> <!-- @BeforeSuite configBS -->
  <testcase classname="com.crm.reqing.GenericUtility.BaseClass" name="@AfterSuite configAS" time="0.0">
    <ignored/>
  </testcase> <!-- @AfterSuite configAS -->
  <testcase classname="com.crm.reqing.GenericUtility.BaseClass" name="@AfterSuite configAS" time="0.0">
    <ignored/>
  </testcase> <!-- @AfterSuite configAS -->
  <testcase classname="com.crm.reqing.GenericUtility.BaseClass" name="@AfterSuite configAS" time="0.0">
    <ignored/>
  </testcase> <!-- @AfterSuite configAS -->
</testsuite> <!-- Test -->
