<?xml version="1.0" encoding="UTF-8"?>
<!-- Generated by org.testng.reporters.JUnitXMLReporter -->
<testsuite ignored="10" hostname="DESKTOP-0CCPETD" failures="2" tests="4" name="Test" time="72.278" errors="0" timestamp="2022-07-06T01:03:27 IST">
  <testcase classname="com.crm.tyss.contactTest.CreateContactTest" name="CreateContactWithMandatory" time="15.469"/>
  <testcase classname="com.crm.tyss.OrganizationsTest.CreateOrganizationTest" name="CreateCampainsWithMandatory" time="0.329">
    <failure type="java.lang.NullPointerException" message="Cannot invoke &amp;quot;org.apache.poi.ss.usermodel.Cell.getStringCellValue()&amp;quot; because the return value of &amp;quot;org.apache.poi.ss.usermodel.Row.getCell(int)&amp;quot; is null">
      <![CDATA[java.lang.NullPointerException: Cannot invoke "org.apache.poi.ss.usermodel.Cell.getStringCellValue()" because the return value of "org.apache.poi.ss.usermodel.Row.getCell(int)" is null
at com.crm.tyss.GenericUtility.ExcelUtility.getDataFromExcel(ExcelUtility.java:33)
at com.crm.tyss.OrganizationsTest.CreateOrganizationTest.CreateCampainsWithMandatory(CreateOrganizationTest.java:28)
at java.base/java.util.ArrayList.forEach(ArrayList.java:1511)
... Removed 27 stack frames]]>
    </failure>
  </testcase> <!-- CreateCampainsWithMandatory -->
  <testcase classname="com.crm.tyss.Products.CreateProductTest" name="CreateProductWithMandatory" time="12.921"/>
  <testcase classname="com.crm.tyss.CamapinsTest.CreateCampainsTest" name="CreateCampainsWithMandatoryTestthrows" time="0.152">
    <failure type="java.lang.NullPointerException" message="Cannot invoke &amp;quot;org.apache.poi.ss.usermodel.Cell.getStringCellValue()&amp;quot; because the return value of &amp;quot;org.apache.poi.ss.usermodel.Row.getCell(int)&amp;quot; is null">
      <![CDATA[java.lang.NullPointerException: Cannot invoke "org.apache.poi.ss.usermodel.Cell.getStringCellValue()" because the return value of "org.apache.poi.ss.usermodel.Row.getCell(int)" is null
at com.crm.tyss.GenericUtility.ExcelUtility.getDataFromExcel(ExcelUtility.java:33)
at com.crm.tyss.CamapinsTest.CreateCampainsTest.CreateCampainsWithMandatoryTestthrows(CreateCampainsTest.java:24)
at java.base/java.util.ArrayList.forEach(ArrayList.java:1511)
... Removed 27 stack frames]]>
    </failure>
  </testcase> <!-- CreateCampainsWithMandatoryTestthrows -->
  <testcase classname="com.crm.tyss.CamapinsTest.CreateCampainsTest" name="CreateCampaignWithProductTest" time="0.0">
    <ignored/>
  </testcase> <!-- CreateCampaignWithProductTest -->
  <testcase classname="com.crm.tyss.contactTest.CreateContactTest" name="CreateContactWithOrganizationTest" time="0.0">
    <ignored/>
  </testcase> <!-- CreateContactWithOrganizationTest -->
  <testcase classname="com.crm.tyss.GenericUtility.BaseClass" name="@BeforeSuite configBS" time="0.0">
    <ignored/>
  </testcase> <!-- @BeforeSuite configBS -->
  <testcase classname="com.crm.tyss.GenericUtility.BaseClass" name="@BeforeSuite configBS" time="0.0">
    <ignored/>
  </testcase> <!-- @BeforeSuite configBS -->
  <testcase classname="com.crm.tyss.GenericUtility.BaseClass" name="@BeforeSuite configBS" time="0.0">
    <ignored/>
  </testcase> <!-- @BeforeSuite configBS -->
  <testcase classname="com.crm.tyss.Products.CreateProductTest" name="CreateProductWithVendorsTest" time="0.0">
    <ignored/>
  </testcase> <!-- CreateProductWithVendorsTest -->
  <testcase classname="com.crm.tyss.OrganizationsTest.CreateOrganizationTest" name="CreateOrganizationWithMemberOfTest" time="0.0">
    <ignored/>
  </testcase> <!-- CreateOrganizationWithMemberOfTest -->
  <testcase classname="com.crm.tyss.GenericUtility.BaseClass" name="@AfterSuite configAS" time="0.0">
    <ignored/>
  </testcase> <!-- @AfterSuite configAS -->
  <testcase classname="com.crm.tyss.GenericUtility.BaseClass" name="@AfterSuite configAS" time="0.0">
    <ignored/>
  </testcase> <!-- @AfterSuite configAS -->
  <testcase classname="com.crm.tyss.GenericUtility.BaseClass" name="@AfterSuite configAS" time="0.0">
    <ignored/>
  </testcase> <!-- @AfterSuite configAS -->
</testsuite> <!-- Test -->
