<?xml version="1.0" encoding="UTF-8"?>
<!-- Generated by org.testng.reporters.JUnitXMLReporter -->
<testsuite ignored="6" hostname="DESKTOP-0CCPETD" failures="0" tests="8" name="Test" time="226.647" errors="0" timestamp="2022-07-05T23:33:22 IST">
  <testcase classname="com.crm.tyss.contactTest.CreateContactTest" name="CreateContactWithMandatory" time="28.444"/>
  <testcase classname="com.crm.tyss.contactTest.CreateContactTest" name="CreateContactWithOrganizationTest" time="28.621"/>
  <testcase classname="com.crm.tyss.OrganizationsTest.CreateOrganizationTest" name="CreateCampainsWithMandatory" time="16.354"/>
  <testcase classname="com.crm.tyss.OrganizationsTest.CreateOrganizationTest" name="CreateOrganizationWithMemberOfTest" time="19.67"/>
  <testcase classname="com.crm.tyss.Products.CreateProductTest" name="CreateProductWithMandatory" time="14.442"/>
  <testcase classname="com.crm.tyss.Products.CreateProductTest" name="CreateProductWithVendorsTest" time="15.017"/>
  <testcase classname="com.crm.tyss.CamapinsTest.CreateCampainsTest" name="CreateCampaignWithProductTest" time="20.636"/>
  <testcase classname="com.crm.tyss.CamapinsTest.CreateCampainsTest" name="CreateCampainsWithMandatoryTestthrows" time="12.738"/>
  <testcase classname="com.crm.tyss.GenericUtility.BaseClass" name="@BeforeSuite configBS" time="0.0">
    <ignored/>
  </testcase> <!-- @BeforeSuite configBS -->
  <testcase classname="com.crm.tyss.GenericUtility.BaseClass" name="@BeforeSuite configBS" time="0.0">
    <ignored/>
  </testcase> <!-- @BeforeSuite configBS -->
  <testcase classname="com.crm.tyss.GenericUtility.BaseClass" name="@BeforeSuite configBS" time="0.0">
    <ignored/>
  </testcase> <!-- @BeforeSuite configBS -->
  <testcase classname="com.crm.tyss.GenericUtility.BaseClass" name="@AfterSuite configAS" time="0.0">
    <ignored/>
  </testcase> <!-- @AfterSuite configAS -->
  <testcase classname="com.crm.tyss.GenericUtility.BaseClass" name="@AfterSuite configAS" time="0.0">
    <ignored/>
  </testcase> <!-- @AfterSuite configAS -->
  <testcase classname="com.crm.tyss.GenericUtility.BaseClass" name="@AfterSuite configAS" time="0.0">
    <ignored/>
  </testcase> <!-- @AfterSuite configAS -->
</testsuite> <!-- Test -->
