<?xml version="1.0" encoding="UTF-8"?>
<!-- Generated by org.testng.reporters.JUnitXMLReporter -->
<testsuite ignored="10" hostname="DESKTOP-0CCPETD" failures="0" tests="4" name="Test" time="0.59" errors="0" timestamp="2022-07-14T13:29:06 IST">
  <testcase classname="com.crm.reqing.GenericUtility.BaseClass" name="@BeforeClass configBC" time="0.088">
    <failure type="java.lang.IllegalStateException" message="The path to the driver executable must be set by the webdriver.edge.driver system property; for more information, see https://github.com/SeleniumHQ/selenium/wiki/MicrosoftWebDriver. The latest version can be downloaded from http://go.microsoft.com/fwlink/?LinkId=619687">
      <![CDATA[java.lang.IllegalStateException: The path to the driver executable must be set by the webdriver.edge.driver system property; for more information, see https://github.com/SeleniumHQ/selenium/wiki/MicrosoftWebDriver. The latest version can be downloaded from http://go.microsoft.com/fwlink/?LinkId=619687
at com.google.common.base.Preconditions.checkState(Preconditions.java:847)
at org.openqa.selenium.remote.service.DriverService.findExecutable(DriverService.java:134)
at org.openqa.selenium.edge.EdgeDriverService.access$000(EdgeDriverService.java:37)
at org.openqa.selenium.edge.EdgeDriverService$Builder.findDefaultExecutable(EdgeDriverService.java:90)
at org.openqa.selenium.remote.service.DriverService$Builder.build(DriverService.java:355)
at org.openqa.selenium.edge.EdgeDriverService.createDefaultService(EdgeDriverService.java:70)
at org.openqa.selenium.edge.EdgeDriver.<init>(EdgeDriver.java:96)
at com.crm.reqing.GenericUtility.BaseClass.configBC(BaseClass.java:52)
at java.base/java.util.ArrayList.forEach(ArrayList.java:1511)
... Removed 25 stack frames]]>
    </failure>
  </testcase> <!-- @BeforeClass configBC -->
  <testcase classname="com.crm.reqing.GenericUtility.BaseClass" name="@BeforeMethod configBM" time="0.043">
    <failure type="java.lang.NullPointerException" message="Cannot invoke &amp;quot;org.openqa.selenium.WebDriver.get(String)&amp;quot; because &amp;quot;this.driver&amp;quot; is null">
      <![CDATA[java.lang.NullPointerException: Cannot invoke "org.openqa.selenium.WebDriver.get(String)" because "this.driver" is null
at com.crm.reqing.POMReposatory.LoginPage.loginToApp(LoginPage.java:49)
at com.crm.reqing.GenericUtility.BaseClass.configBM(BaseClass.java:77)
at java.base/java.util.ArrayList.forEach(ArrayList.java:1511)
... Removed 31 stack frames]]>
    </failure>
  </testcase> <!-- @BeforeMethod configBM -->
  <testcase classname="com.crm.reqing.GenericUtility.BaseClass" name="@AfterMethod configAM" time="0.019">
    <failure type="java.lang.NullPointerException">
      <![CDATA[java.lang.NullPointerException
at java.base/java.util.Objects.requireNonNull(Objects.java:208)
at org.openqa.selenium.interactions.Actions.<init>(Actions.java:65)
at com.crm.reqing.GenericUtility.WebDriverUtility.mouseOverOnElement(WebDriverUtility.java:145)
at com.crm.reqing.POMReposatory.HomePage.SignOut(HomePage.java:158)
at com.crm.reqing.GenericUtility.BaseClass.configAM(BaseClass.java:86)
at java.base/java.util.ArrayList.forEach(ArrayList.java:1511)
... Removed 32 stack frames]]>
    </failure>
  </testcase> <!-- @AfterMethod configAM -->
  <testcase classname="com.crm.reqing.GenericUtility.BaseClass" name="@AfterClass configAC" time="0.001">
    <failure type="java.lang.NullPointerException" message="Cannot invoke &amp;quot;org.openqa.selenium.WebDriver.quit()&amp;quot; because &amp;quot;this.driver&amp;quot; is null">
      <![CDATA[java.lang.NullPointerException: Cannot invoke "org.openqa.selenium.WebDriver.quit()" because "this.driver" is null
at com.crm.reqing.GenericUtility.BaseClass.configAC(BaseClass.java:91)
at java.base/java.util.ArrayList.forEach(ArrayList.java:1511)
... Removed 25 stack frames]]>
    </failure>
  </testcase> <!-- @AfterClass configAC -->
  <testcase classname="com.crm.reqing.GenericUtility.BaseClass" name="@BeforeClass configBC" time="0.004">
    <failure type="java.lang.IllegalStateException" message="The path to the driver executable must be set by the webdriver.edge.driver system property; for more information, see https://github.com/SeleniumHQ/selenium/wiki/MicrosoftWebDriver. The latest version can be downloaded from http://go.microsoft.com/fwlink/?LinkId=619687">
      <![CDATA[java.lang.IllegalStateException: The path to the driver executable must be set by the webdriver.edge.driver system property; for more information, see https://github.com/SeleniumHQ/selenium/wiki/MicrosoftWebDriver. The latest version can be downloaded from http://go.microsoft.com/fwlink/?LinkId=619687
at com.google.common.base.Preconditions.checkState(Preconditions.java:847)
at org.openqa.selenium.remote.service.DriverService.findExecutable(DriverService.java:134)
at org.openqa.selenium.edge.EdgeDriverService.access$000(EdgeDriverService.java:37)
at org.openqa.selenium.edge.EdgeDriverService$Builder.findDefaultExecutable(EdgeDriverService.java:90)
at org.openqa.selenium.remote.service.DriverService$Builder.build(DriverService.java:355)
at org.openqa.selenium.edge.EdgeDriverService.createDefaultService(EdgeDriverService.java:70)
at org.openqa.selenium.edge.EdgeDriver.<init>(EdgeDriver.java:96)
at com.crm.reqing.GenericUtility.BaseClass.configBC(BaseClass.java:52)
at java.base/java.util.ArrayList.forEach(ArrayList.java:1511)
... Removed 25 stack frames]]>
    </failure>
  </testcase> <!-- @BeforeClass configBC -->
  <testcase classname="com.crm.reqing.GenericUtility.BaseClass" name="@BeforeMethod configBM" time="0.002">
    <failure type="java.lang.NullPointerException" message="Cannot invoke &amp;quot;org.openqa.selenium.WebDriver.get(String)&amp;quot; because &amp;quot;this.driver&amp;quot; is null">
      <![CDATA[java.lang.NullPointerException: Cannot invoke "org.openqa.selenium.WebDriver.get(String)" because "this.driver" is null
at com.crm.reqing.POMReposatory.LoginPage.loginToApp(LoginPage.java:49)
at com.crm.reqing.GenericUtility.BaseClass.configBM(BaseClass.java:77)
at java.base/java.util.ArrayList.forEach(ArrayList.java:1511)
... Removed 31 stack frames]]>
    </failure>
  </testcase> <!-- @BeforeMethod configBM -->
  <testcase classname="com.crm.reqing.GenericUtility.BaseClass" name="@AfterMethod configAM" time="0.004">
    <failure type="java.lang.NullPointerException">
      <![CDATA[java.lang.NullPointerException
at java.base/java.util.Objects.requireNonNull(Objects.java:208)
at org.openqa.selenium.interactions.Actions.<init>(Actions.java:65)
at com.crm.reqing.GenericUtility.WebDriverUtility.mouseOverOnElement(WebDriverUtility.java:145)
at com.crm.reqing.POMReposatory.HomePage.SignOut(HomePage.java:158)
at com.crm.reqing.GenericUtility.BaseClass.configAM(BaseClass.java:86)
at java.base/java.util.ArrayList.forEach(ArrayList.java:1511)
... Removed 32 stack frames]]>
    </failure>
  </testcase> <!-- @AfterMethod configAM -->
  <testcase classname="com.crm.reqing.GenericUtility.BaseClass" name="@AfterClass configAC" time="0.002">
    <failure type="java.lang.NullPointerException" message="Cannot invoke &amp;quot;org.openqa.selenium.WebDriver.quit()&amp;quot; because &amp;quot;this.driver&amp;quot; is null">
      <![CDATA[java.lang.NullPointerException: Cannot invoke "org.openqa.selenium.WebDriver.quit()" because "this.driver" is null
at com.crm.reqing.GenericUtility.BaseClass.configAC(BaseClass.java:91)
at java.base/java.util.ArrayList.forEach(ArrayList.java:1511)
... Removed 25 stack frames]]>
    </failure>
  </testcase> <!-- @AfterClass configAC -->
  <testcase classname="com.crm.reqing.GenericUtility.BaseClass" name="@BeforeClass configBC" time="0.009">
    <failure type="java.lang.IllegalStateException" message="The path to the driver executable must be set by the webdriver.edge.driver system property; for more information, see https://github.com/SeleniumHQ/selenium/wiki/MicrosoftWebDriver. The latest version can be downloaded from http://go.microsoft.com/fwlink/?LinkId=619687">
      <![CDATA[java.lang.IllegalStateException: The path to the driver executable must be set by the webdriver.edge.driver system property; for more information, see https://github.com/SeleniumHQ/selenium/wiki/MicrosoftWebDriver. The latest version can be downloaded from http://go.microsoft.com/fwlink/?LinkId=619687
at com.google.common.base.Preconditions.checkState(Preconditions.java:847)
at org.openqa.selenium.remote.service.DriverService.findExecutable(DriverService.java:134)
at org.openqa.selenium.edge.EdgeDriverService.access$000(EdgeDriverService.java:37)
at org.openqa.selenium.edge.EdgeDriverService$Builder.findDefaultExecutable(EdgeDriverService.java:90)
at org.openqa.selenium.remote.service.DriverService$Builder.build(DriverService.java:355)
at org.openqa.selenium.edge.EdgeDriverService.createDefaultService(EdgeDriverService.java:70)
at org.openqa.selenium.edge.EdgeDriver.<init>(EdgeDriver.java:96)
at com.crm.reqing.GenericUtility.BaseClass.configBC(BaseClass.java:52)
at java.base/java.util.ArrayList.forEach(ArrayList.java:1511)
... Removed 25 stack frames]]>
    </failure>
  </testcase> <!-- @BeforeClass configBC -->
  <testcase classname="com.crm.reqing.GenericUtility.BaseClass" name="@BeforeMethod configBM" time="0.015">
    <failure type="java.lang.NullPointerException" message="Cannot invoke &amp;quot;org.openqa.selenium.WebDriver.get(String)&amp;quot; because &amp;quot;this.driver&amp;quot; is null">
      <![CDATA[java.lang.NullPointerException: Cannot invoke "org.openqa.selenium.WebDriver.get(String)" because "this.driver" is null
at com.crm.reqing.POMReposatory.LoginPage.loginToApp(LoginPage.java:49)
at com.crm.reqing.GenericUtility.BaseClass.configBM(BaseClass.java:77)
at java.base/java.util.ArrayList.forEach(ArrayList.java:1511)
... Removed 31 stack frames]]>
    </failure>
  </testcase> <!-- @BeforeMethod configBM -->
  <testcase classname="com.crm.reqing.GenericUtility.BaseClass" name="@AfterMethod configAM" time="0.005">
    <failure type="java.lang.NullPointerException">
      <![CDATA[java.lang.NullPointerException
at java.base/java.util.Objects.requireNonNull(Objects.java:208)
at org.openqa.selenium.interactions.Actions.<init>(Actions.java:65)
at com.crm.reqing.GenericUtility.WebDriverUtility.mouseOverOnElement(WebDriverUtility.java:145)
at com.crm.reqing.POMReposatory.HomePage.SignOut(HomePage.java:158)
at com.crm.reqing.GenericUtility.BaseClass.configAM(BaseClass.java:86)
at java.base/java.util.ArrayList.forEach(ArrayList.java:1511)
... Removed 32 stack frames]]>
    </failure>
  </testcase> <!-- @AfterMethod configAM -->
  <testcase classname="com.crm.reqing.GenericUtility.BaseClass" name="@AfterClass configAC" time="0.002">
    <failure type="java.lang.NullPointerException" message="Cannot invoke &amp;quot;org.openqa.selenium.WebDriver.quit()&amp;quot; because &amp;quot;this.driver&amp;quot; is null">
      <![CDATA[java.lang.NullPointerException: Cannot invoke "org.openqa.selenium.WebDriver.quit()" because "this.driver" is null
at com.crm.reqing.GenericUtility.BaseClass.configAC(BaseClass.java:91)
at java.base/java.util.ArrayList.forEach(ArrayList.java:1511)
... Removed 25 stack frames]]>
    </failure>
  </testcase> <!-- @AfterClass configAC -->
  <testcase classname="com.crm.reqing.GenericUtility.BaseClass" name="@BeforeClass configBC" time="0.005">
    <failure type="java.lang.IllegalStateException" message="The path to the driver executable must be set by the webdriver.edge.driver system property; for more information, see https://github.com/SeleniumHQ/selenium/wiki/MicrosoftWebDriver. The latest version can be downloaded from http://go.microsoft.com/fwlink/?LinkId=619687">
      <![CDATA[java.lang.IllegalStateException: The path to the driver executable must be set by the webdriver.edge.driver system property; for more information, see https://github.com/SeleniumHQ/selenium/wiki/MicrosoftWebDriver. The latest version can be downloaded from http://go.microsoft.com/fwlink/?LinkId=619687
at com.google.common.base.Preconditions.checkState(Preconditions.java:847)
at org.openqa.selenium.remote.service.DriverService.findExecutable(DriverService.java:134)
at org.openqa.selenium.edge.EdgeDriverService.access$000(EdgeDriverService.java:37)
at org.openqa.selenium.edge.EdgeDriverService$Builder.findDefaultExecutable(EdgeDriverService.java:90)
at org.openqa.selenium.remote.service.DriverService$Builder.build(DriverService.java:355)
at org.openqa.selenium.edge.EdgeDriverService.createDefaultService(EdgeDriverService.java:70)
at org.openqa.selenium.edge.EdgeDriver.<init>(EdgeDriver.java:96)
at com.crm.reqing.GenericUtility.BaseClass.configBC(BaseClass.java:52)
at java.base/java.util.ArrayList.forEach(ArrayList.java:1511)
... Removed 25 stack frames]]>
    </failure>
  </testcase> <!-- @BeforeClass configBC -->
  <testcase classname="com.crm.reqing.GenericUtility.BaseClass" name="@BeforeMethod configBM" time="0.004">
    <failure type="java.lang.NullPointerException" message="Cannot invoke &amp;quot;org.openqa.selenium.WebDriver.get(String)&amp;quot; because &amp;quot;this.driver&amp;quot; is null">
      <![CDATA[java.lang.NullPointerException: Cannot invoke "org.openqa.selenium.WebDriver.get(String)" because "this.driver" is null
at com.crm.reqing.POMReposatory.LoginPage.loginToApp(LoginPage.java:49)
at com.crm.reqing.GenericUtility.BaseClass.configBM(BaseClass.java:77)
at java.base/java.util.ArrayList.forEach(ArrayList.java:1511)
... Removed 31 stack frames]]>
    </failure>
  </testcase> <!-- @BeforeMethod configBM -->
  <testcase classname="com.crm.reqing.GenericUtility.BaseClass" name="@AfterMethod configAM" time="0.003">
    <failure type="java.lang.NullPointerException">
      <![CDATA[java.lang.NullPointerException
at java.base/java.util.Objects.requireNonNull(Objects.java:208)
at org.openqa.selenium.interactions.Actions.<init>(Actions.java:65)
at com.crm.reqing.GenericUtility.WebDriverUtility.mouseOverOnElement(WebDriverUtility.java:145)
at com.crm.reqing.POMReposatory.HomePage.SignOut(HomePage.java:158)
at com.crm.reqing.GenericUtility.BaseClass.configAM(BaseClass.java:86)
at java.base/java.util.ArrayList.forEach(ArrayList.java:1511)
... Removed 32 stack frames]]>
    </failure>
  </testcase> <!-- @AfterMethod configAM -->
  <testcase classname="com.crm.reqing.GenericUtility.BaseClass" name="@AfterClass configAC" time="0.002">
    <failure type="java.lang.NullPointerException" message="Cannot invoke &amp;quot;org.openqa.selenium.WebDriver.quit()&amp;quot; because &amp;quot;this.driver&amp;quot; is null">
      <![CDATA[java.lang.NullPointerException: Cannot invoke "org.openqa.selenium.WebDriver.quit()" because "this.driver" is null
at com.crm.reqing.GenericUtility.BaseClass.configAC(BaseClass.java:91)
at java.base/java.util.ArrayList.forEach(ArrayList.java:1511)
... Removed 25 stack frames]]>
    </failure>
  </testcase> <!-- @AfterClass configAC -->
  <testcase classname="com.crm.reqing.SampleTest.Sample_CampaignTest" name="createCampaignWithMandatoryFieldTest" time="0.0">
    <skipped/>
  </testcase> <!-- createCampaignWithMandatoryFieldTest -->
  <testcase classname="com.crm.reqing.SampleTest.Sample_ContactTest" name="CreateContactWithMandatory" time="0.0">
    <skipped/>
  </testcase> <!-- CreateContactWithMandatory -->
  <testcase classname="com.crm.reqing.SampleTest.Sample_OrganizationTest" name="CreateOrganizationWithMandatory" time="0.0">
    <skipped/>
  </testcase> <!-- CreateOrganizationWithMandatory -->
  <testcase classname="com.crm.reqing.SampleTest.Sample_ProductTest" name="CreateProductWithMandatoryTest" time="0.0">
    <skipped/>
  </testcase> <!-- CreateProductWithMandatoryTest -->
  <testcase classname="com.crm.reqing.GenericUtility.BaseClass" name="@BeforeSuite configBS" time="0.0">
    <ignored/>
  </testcase> <!-- @BeforeSuite configBS -->
  <testcase classname="com.crm.reqing.GenericUtility.BaseClass" name="@BeforeSuite configBS" time="0.0">
    <ignored/>
  </testcase> <!-- @BeforeSuite configBS -->
  <testcase classname="com.crm.reqing.GenericUtility.BaseClass" name="@BeforeSuite configBS" time="0.0">
    <ignored/>
  </testcase> <!-- @BeforeSuite configBS -->
  <testcase classname="com.crm.reqing.SampleTest.Sample_ProductTest" name="CreateProductWithVendorsTest" time="0.0">
    <ignored/>
  </testcase> <!-- CreateProductWithVendorsTest -->
  <testcase classname="com.crm.reqing.GenericUtility.BaseClass" name="@AfterSuite configAS" time="0.0">
    <ignored/>
  </testcase> <!-- @AfterSuite configAS -->
  <testcase classname="com.crm.reqing.GenericUtility.BaseClass" name="@AfterSuite configAS" time="0.0">
    <ignored/>
  </testcase> <!-- @AfterSuite configAS -->
  <testcase classname="com.crm.reqing.GenericUtility.BaseClass" name="@AfterSuite configAS" time="0.0">
    <ignored/>
  </testcase> <!-- @AfterSuite configAS -->
  <testcase classname="com.crm.reqing.SampleTest.Sample_CampaignTest" name="CreateCampaignWithProductTest" time="0.0">
    <ignored/>
  </testcase> <!-- CreateCampaignWithProductTest -->
  <testcase classname="com.crm.reqing.SampleTest.Sample_OrganizationTest" name="CreateOrganizationWithMemberOfTest" time="0.0">
    <ignored/>
  </testcase> <!-- CreateOrganizationWithMemberOfTest -->
  <testcase classname="com.crm.reqing.SampleTest.Sample_ContactTest" name="CreateContactWithOrganizationTest" time="0.0">
    <ignored/>
  </testcase> <!-- CreateContactWithOrganizationTest -->
</testsuite> <!-- Test -->
