<?xml version="1.0" encoding="UTF-8"?>
<!-- Generated by org.testng.reporters.JUnitXMLReporter -->
<testsuite ignored="1" hostname="DESKTOP-0CCPETD" failures="0" tests="1" name="Test(failed)(failed)" time="35.616" errors="0" timestamp="2022-07-05T13:15:20 IST">
  <testcase classname="com.crm.reqing.OrganizationsTest.CreateOrganizationTest1" name="CreateOrganizationWithMemberOfTest" time="24.402"/>
  <testcase classname="com.crm.reqing.OrganizationsTest.CreateOrganizationTest1" name="CreateOrganizationWithMandatory" time="0.0">
    <ignored/>
  </testcase> <!-- CreateOrganizationWithMandatory -->
</testsuite> <!-- Test(failed)(failed) -->
