<?xml version="1.0" encoding="UTF-8"?>
<!-- Generated by org.testng.reporters.JUnitXMLReporter -->
<testsuite ignored="4" hostname="DESKTOP-0CCPETD" failures="0" tests="4" name="Test" time="137.122" errors="0" timestamp="2022-07-05T23:07:22 IST">
  <testcase classname="com.crm.reqing.SampleTest.Sample_ContactTest" name="CreateContactWithOrganizationTest" time="22.904"/>
  <testcase classname="com.crm.reqing.SampleTest.Sample_OrganizationTest" name="CreateOrganizationWithMemberOfTest" time="24.094"/>
  <testcase classname="com.crm.reqing.SampleTest.Sample_CampaignTest" name="CreateCampaignWithProductTest" time="18.464"/>
  <testcase classname="com.crm.reqing.SampleTest.Sample_ProductTest" name="CreateProductWithVendorsTest" time="20.285"/>
  <testcase classname="com.crm.reqing.SampleTest.Sample_ContactTest" name="CreateContactWithMandatory" time="0.0">
    <ignored/>
  </testcase> <!-- CreateContactWithMandatory -->
  <testcase classname="com.crm.reqing.SampleTest.Sample_ProductTest" name="CreateProductWithMandatoryTest" time="0.0">
    <ignored/>
  </testcase> <!-- CreateProductWithMandatoryTest -->
  <testcase classname="com.crm.reqing.SampleTest.Sample_CampaignTest" name="createCampaignWithMandatoryFieldTest" time="0.0">
    <ignored/>
  </testcase> <!-- createCampaignWithMandatoryFieldTest -->
  <testcase classname="com.crm.reqing.SampleTest.Sample_OrganizationTest" name="CreateOrganizationWithMandatory" time="0.0">
    <ignored/>
  </testcase> <!-- CreateOrganizationWithMandatory -->
</testsuite> <!-- Test -->
