<?xml version="1.0" encoding="UTF-8"?>
<!-- Generated by org.testng.reporters.JUnitXMLReporter -->
<testsuite ignored="0" hostname="DESKTOP-0CCPETD" failures="0" tests="2" name="Test" time="0.259" errors="0" timestamp="2022-07-14T15:28:12 IST">
  <testcase classname="com.crm.reqing.GenericUtility.BaseClass" name="@BeforeClass configBC" time="0.0">
    <failure type="java.lang.NullPointerException" message="Cannot invoke &amp;quot;String.equalsIgnoreCase(String)&amp;quot; because &amp;quot;browser&amp;quot; is null">
      <![CDATA[java.lang.NullPointerException: Cannot invoke "String.equalsIgnoreCase(String)" because "browser" is null
at com.crm.reqing.GenericUtility.BaseClass.configBC(BaseClass.java:45)
at java.base/java.util.ArrayList.forEach(ArrayList.java:1511)
... Removed 25 stack frames]]>
    </failure>
  </testcase> <!-- @BeforeClass configBC -->
  <testcase classname="com.crm.reqing.GenericUtility.BaseClass" name="@BeforeMethod configBM" time="0.057">
    <failure type="java.lang.NullPointerException" message="Cannot invoke &amp;quot;org.openqa.selenium.WebDriver.get(String)&amp;quot; because &amp;quot;this.driver&amp;quot; is null">
      <![CDATA[java.lang.NullPointerException: Cannot invoke "org.openqa.selenium.WebDriver.get(String)" because "this.driver" is null
at com.crm.reqing.POMReposatory.LoginPage.loginToApp(LoginPage.java:49)
at com.crm.reqing.GenericUtility.BaseClass.configBM(BaseClass.java:77)
at java.base/java.util.ArrayList.forEach(ArrayList.java:1511)
... Removed 31 stack frames]]>
    </failure>
  </testcase> <!-- @BeforeMethod configBM -->
  <testcase classname="com.crm.reqing.GenericUtility.BaseClass" name="@AfterMethod configAM" time="0.038">
    <failure type="java.lang.NullPointerException">
      <![CDATA[java.lang.NullPointerException
at java.base/java.util.Objects.requireNonNull(Objects.java:208)
at org.openqa.selenium.interactions.Actions.<init>(Actions.java:65)
at com.crm.reqing.GenericUtility.WebDriverUtility.mouseOverOnElement(WebDriverUtility.java:145)
at com.crm.reqing.POMReposatory.HomePage.SignOut(HomePage.java:158)
at com.crm.reqing.GenericUtility.BaseClass.configAM(BaseClass.java:86)
at java.base/java.util.ArrayList.forEach(ArrayList.java:1511)
... Removed 32 stack frames]]>
    </failure>
  </testcase> <!-- @AfterMethod configAM -->
  <testcase classname="com.crm.reqing.GenericUtility.BaseClass" name="@BeforeMethod configBM" time="0.001">
    <failure type="java.lang.NullPointerException" message="Cannot invoke &amp;quot;org.openqa.selenium.WebDriver.get(String)&amp;quot; because &amp;quot;this.driver&amp;quot; is null">
      <![CDATA[java.lang.NullPointerException: Cannot invoke "org.openqa.selenium.WebDriver.get(String)" because "this.driver" is null
at com.crm.reqing.POMReposatory.LoginPage.loginToApp(LoginPage.java:49)
at com.crm.reqing.GenericUtility.BaseClass.configBM(BaseClass.java:77)
at java.base/java.util.ArrayList.forEach(ArrayList.java:1511)
... Removed 31 stack frames]]>
    </failure>
  </testcase> <!-- @BeforeMethod configBM -->
  <testcase classname="com.crm.reqing.GenericUtility.BaseClass" name="@AfterMethod configAM" time="0.004">
    <failure type="java.lang.NullPointerException">
      <![CDATA[java.lang.NullPointerException
at java.base/java.util.Objects.requireNonNull(Objects.java:208)
at org.openqa.selenium.interactions.Actions.<init>(Actions.java:65)
at com.crm.reqing.GenericUtility.WebDriverUtility.mouseOverOnElement(WebDriverUtility.java:145)
at com.crm.reqing.POMReposatory.HomePage.SignOut(HomePage.java:158)
at com.crm.reqing.GenericUtility.BaseClass.configAM(BaseClass.java:86)
at java.base/java.util.ArrayList.forEach(ArrayList.java:1511)
... Removed 32 stack frames]]>
    </failure>
  </testcase> <!-- @AfterMethod configAM -->
  <testcase classname="com.crm.reqing.GenericUtility.BaseClass" name="@AfterClass configAC" time="0.009">
    <failure type="java.lang.NullPointerException" message="Cannot invoke &amp;quot;org.openqa.selenium.WebDriver.quit()&amp;quot; because &amp;quot;this.driver&amp;quot; is null">
      <![CDATA[java.lang.NullPointerException: Cannot invoke "org.openqa.selenium.WebDriver.quit()" because "this.driver" is null
at com.crm.reqing.GenericUtility.BaseClass.configAC(BaseClass.java:91)
at java.base/java.util.ArrayList.forEach(ArrayList.java:1511)
... Removed 25 stack frames]]>
    </failure>
  </testcase> <!-- @AfterClass configAC -->
  <testcase classname="com.crm.reqing.SampleTest.Sample_OrganizationTest" name="CreateOrganizationWithMandatory" time="0.0">
    <skipped/>
  </testcase> <!-- CreateOrganizationWithMandatory -->
  <testcase classname="com.crm.reqing.SampleTest.Sample_OrganizationTest" name="CreateOrganizationWithMemberOfTest" time="0.0">
    <skipped/>
  </testcase> <!-- CreateOrganizationWithMemberOfTest -->
</testsuite> <!-- Test -->
