<?xml version="1.0" encoding="UTF-8"?>
<!-- Generated by org.testng.reporters.JUnitXMLReporter -->
<testsuite ignored="2" hostname="DESKTOP-0CCPETD" failures="0" tests="4" name="TestRunner1" time="155.257" errors="0" timestamp="2022-07-07T10:23:03 IST">
  <testcase classname="com.crm.reqing.OrganizationsTest.CreateOrganizationTest1" name="CreateOrganizationWithMandatory" time="26.908"/>
  <testcase classname="com.crm.reqing.OrganizationsTest.CreateOrganizationTest1" name="CreateOrganizationWithMemberOfTest" time="28.643"/>
  <testcase classname="com.crm.reqing.contactTest.CreateContactTest1" name="CreateContactWithMandatory" time="25.226"/>
  <testcase classname="com.crm.reqing.contactTest.CreateContactTest1" name="CreateContactWithOrganizationTest" time="27.957"/>
  <testcase classname="com.crm.reqing.GenericUtility.BaseClass" name="@BeforeSuite configBS" time="0.0">
    <ignored/>
  </testcase> <!-- @BeforeSuite configBS -->
  <testcase classname="com.crm.reqing.GenericUtility.BaseClass" name="@AfterSuite configAS" time="0.0">
    <ignored/>
  </testcase> <!-- @AfterSuite configAS -->
</testsuite> <!-- TestRunner1 -->
